ERROR - 2022-01-31 08:18:00 --> Error connecting to the database: No connection could be made because the target machine actively refused it
CRITICAL - 2022-01-31 08:18:00 --> Unable to connect to the database.
Main connection [MySQLi]: No connection could be made because the target machine actively refused it
#0 C:\Users\syahi\Documents\dev\php\weknownow\system\Database\BaseConnection.php(577): CodeIgniter\Database\BaseConnection->initialize()
#1 C:\Users\syahi\Documents\dev\php\weknownow\system\Database\BaseBuilder.php(1455): CodeIgniter\Database\BaseConnection->query('SELECT *\nFROM `...', Array, false)
#2 C:\Users\syahi\Documents\dev\php\weknownow\system\Model.php(210): CodeIgniter\Database\BaseBuilder->get()
#3 C:\Users\syahi\Documents\dev\php\weknownow\system\BaseModel.php(622): CodeIgniter\Model->doFirst()
#4 C:\Users\syahi\Documents\dev\php\weknownow\app\Controllers\Login.php(30): CodeIgniter\BaseModel->first()
#5 C:\Users\syahi\Documents\dev\php\weknownow\system\CodeIgniter.php(825): App\Controllers\Login->index()
#6 C:\Users\syahi\Documents\dev\php\weknownow\system\CodeIgniter.php(412): CodeIgniter\CodeIgniter->runController(Object(App\Controllers\Login))
#7 C:\Users\syahi\Documents\dev\php\weknownow\system\CodeIgniter.php(320): CodeIgniter\CodeIgniter->handleRequest(NULL, Object(Config\Cache), false)
#8 C:\Users\syahi\Documents\dev\php\weknownow\public\index.php(37): CodeIgniter\CodeIgniter->run()
#9 C:\Users\syahi\Documents\dev\php\weknownow\system\Commands\Server\rewrite.php(43): require_once('C:\\Users\\syahi\\...')
#10 {main}
ERROR - 2022-01-31 21:59:14 --> Error connecting to the database: No connection could be made because the target machine actively refused it
CRITICAL - 2022-01-31 21:59:14 --> Unable to connect to the database.
Main connection [MySQLi]: No connection could be made because the target machine actively refused it
#0 C:\Users\syahi\Documents\dev\php\weknownow\system\Database\BaseConnection.php(577): CodeIgniter\Database\BaseConnection->initialize()
#1 C:\Users\syahi\Documents\dev\php\weknownow\system\Database\BaseBuilder.php(1771): CodeIgniter\Database\BaseConnection->query('INSERT INTO `us...', Array, false)
#2 C:\Users\syahi\Documents\dev\php\weknownow\system\Model.php(239): CodeIgniter\Database\BaseBuilder->insert()
#3 C:\Users\syahi\Documents\dev\php\weknownow\system\BaseModel.php(738): CodeIgniter\Model->doInsert(Array)
#4 C:\Users\syahi\Documents\dev\php\weknownow\system\Model.php(625): CodeIgniter\BaseModel->insert(Array, false)
#5 C:\Users\syahi\Documents\dev\php\weknownow\system\BaseModel.php(658): CodeIgniter\Model->insert(Array, false)
#6 C:\Users\syahi\Documents\dev\php\weknownow\app\Controllers\Register.php(35): CodeIgniter\BaseModel->save(Array)
#7 C:\Users\syahi\Documents\dev\php\weknownow\system\CodeIgniter.php(825): App\Controllers\Register->index()
#8 C:\Users\syahi\Documents\dev\php\weknownow\system\CodeIgniter.php(412): CodeIgniter\CodeIgniter->runController(Object(App\Controllers\Register))
#9 C:\Users\syahi\Documents\dev\php\weknownow\system\CodeIgniter.php(320): CodeIgniter\CodeIgniter->handleRequest(NULL, Object(Config\Cache), false)
#10 C:\Users\syahi\Documents\dev\php\weknownow\public\index.php(37): CodeIgniter\CodeIgniter->run()
#11 C:\Users\syahi\Documents\dev\php\weknownow\system\Commands\Server\rewrite.php(43): require_once('C:\\Users\\syahi\\...')
#12 {main}
ERROR - 2022-01-31 22:31:59 --> Error connecting to the database: No connection could be made because the target machine actively refused it
CRITICAL - 2022-01-31 22:31:59 --> Unable to connect to the database.
Main connection [MySQLi]: No connection could be made because the target machine actively refused it
#0 C:\Users\syahi\Documents\dev\php\weknownow\system\Database\BaseConnection.php(577): CodeIgniter\Database\BaseConnection->initialize()
#1 C:\Users\syahi\Documents\dev\php\weknownow\system\Database\BaseBuilder.php(1771): CodeIgniter\Database\BaseConnection->query('INSERT INTO `us...', Array, false)
#2 C:\Users\syahi\Documents\dev\php\weknownow\system\Model.php(239): CodeIgniter\Database\BaseBuilder->insert()
#3 C:\Users\syahi\Documents\dev\php\weknownow\system\BaseModel.php(738): CodeIgniter\Model->doInsert(Array)
#4 C:\Users\syahi\Documents\dev\php\weknownow\system\Model.php(625): CodeIgniter\BaseModel->insert(Array, false)
#5 C:\Users\syahi\Documents\dev\php\weknownow\system\BaseModel.php(658): CodeIgniter\Model->insert(Array, false)
#6 C:\Users\syahi\Documents\dev\php\weknownow\app\Controllers\Register.php(35): CodeIgniter\BaseModel->save(Array)
#7 C:\Users\syahi\Documents\dev\php\weknownow\system\CodeIgniter.php(825): App\Controllers\Register->index()
#8 C:\Users\syahi\Documents\dev\php\weknownow\system\CodeIgniter.php(412): CodeIgniter\CodeIgniter->runController(Object(App\Controllers\Register))
#9 C:\Users\syahi\Documents\dev\php\weknownow\system\CodeIgniter.php(320): CodeIgniter\CodeIgniter->handleRequest(NULL, Object(Config\Cache), false)
#10 C:\Users\syahi\Documents\dev\php\weknownow\public\index.php(37): CodeIgniter\CodeIgniter->run()
#11 C:\Users\syahi\Documents\dev\php\weknownow\system\Commands\Server\rewrite.php(43): require_once('C:\\Users\\syahi\\...')
#12 {main}
ERROR - 2022-01-31 22:32:08 --> Error connecting to the database: No connection could be made because the target machine actively refused it
CRITICAL - 2022-01-31 22:32:08 --> Unable to connect to the database.
Main connection [MySQLi]: No connection could be made because the target machine actively refused it
#0 C:\Users\syahi\Documents\dev\php\weknownow\system\Database\BaseConnection.php(577): CodeIgniter\Database\BaseConnection->initialize()
#1 C:\Users\syahi\Documents\dev\php\weknownow\system\Database\BaseBuilder.php(1771): CodeIgniter\Database\BaseConnection->query('INSERT INTO `us...', Array, false)
#2 C:\Users\syahi\Documents\dev\php\weknownow\system\Model.php(239): CodeIgniter\Database\BaseBuilder->insert()
#3 C:\Users\syahi\Documents\dev\php\weknownow\system\BaseModel.php(738): CodeIgniter\Model->doInsert(Array)
#4 C:\Users\syahi\Documents\dev\php\weknownow\system\Model.php(625): CodeIgniter\BaseModel->insert(Array, false)
#5 C:\Users\syahi\Documents\dev\php\weknownow\system\BaseModel.php(658): CodeIgniter\Model->insert(Array, false)
#6 C:\Users\syahi\Documents\dev\php\weknownow\app\Controllers\Register.php(35): CodeIgniter\BaseModel->save(Array)
#7 C:\Users\syahi\Documents\dev\php\weknownow\system\CodeIgniter.php(825): App\Controllers\Register->index()
#8 C:\Users\syahi\Documents\dev\php\weknownow\system\CodeIgniter.php(412): CodeIgniter\CodeIgniter->runController(Object(App\Controllers\Register))
#9 C:\Users\syahi\Documents\dev\php\weknownow\system\CodeIgniter.php(320): CodeIgniter\CodeIgniter->handleRequest(NULL, Object(Config\Cache), false)
#10 C:\Users\syahi\Documents\dev\php\weknownow\public\index.php(37): CodeIgniter\CodeIgniter->run()
#11 C:\Users\syahi\Documents\dev\php\weknownow\system\Commands\Server\rewrite.php(43): require_once('C:\\Users\\syahi\\...')
#12 {main}
ERROR - 2022-01-31 22:57:08 --> Error connecting to the database: No connection could be made because the target machine actively refused it
CRITICAL - 2022-01-31 22:57:08 --> Unable to connect to the database.
Main connection [MySQLi]: No connection could be made because the target machine actively refused it
#0 C:\Users\syahi\Documents\dev\php\weknownow\system\Database\BaseConnection.php(577): CodeIgniter\Database\BaseConnection->initialize()
#1 C:\Users\syahi\Documents\dev\php\weknownow\system\Database\BaseBuilder.php(1455): CodeIgniter\Database\BaseConnection->query('SELECT *\nFROM `...', Array, false)
#2 C:\Users\syahi\Documents\dev\php\weknownow\system\Model.php(210): CodeIgniter\Database\BaseBuilder->get()
#3 C:\Users\syahi\Documents\dev\php\weknownow\system\BaseModel.php(622): CodeIgniter\Model->doFirst()
#4 C:\Users\syahi\Documents\dev\php\weknownow\app\Controllers\Login.php(30): CodeIgniter\BaseModel->first()
#5 C:\Users\syahi\Documents\dev\php\weknownow\system\CodeIgniter.php(825): App\Controllers\Login->index()
#6 C:\Users\syahi\Documents\dev\php\weknownow\system\CodeIgniter.php(412): CodeIgniter\CodeIgniter->runController(Object(App\Controllers\Login))
#7 C:\Users\syahi\Documents\dev\php\weknownow\system\CodeIgniter.php(320): CodeIgniter\CodeIgniter->handleRequest(NULL, Object(Config\Cache), false)
#8 C:\Users\syahi\Documents\dev\php\weknownow\public\index.php(37): CodeIgniter\CodeIgniter->run()
#9 C:\Users\syahi\Documents\dev\php\weknownow\system\Commands\Server\rewrite.php(43): require_once('C:\\Users\\syahi\\...')
#10 {main}
