ERROR - 2022-02-01 00:29:42 --> Error connecting to the database: No connection could be made because the target machine actively refused it
CRITICAL - 2022-02-01 00:29:42 --> Unable to connect to the database.
Main connection [MySQLi]: No connection could be made because the target machine actively refused it
#0 C:\Users\syahi\Documents\dev\php\weknownow\system\Database\BaseConnection.php(577): CodeIgniter\Database\BaseConnection->initialize()
#1 C:\Users\syahi\Documents\dev\php\weknownow\system\Database\BaseBuilder.php(1455): CodeIgniter\Database\BaseConnection->query('SELECT `users`....', Array, false)
#2 C:\Users\syahi\Documents\dev\php\weknownow\system\Model.php(183): CodeIgniter\Database\BaseBuilder->get()
#3 C:\Users\syahi\Documents\dev\php\weknownow\system\BaseModel.php(584): CodeIgniter\Model->doFindAll(0, 0)
#4 C:\Users\syahi\Documents\dev\php\weknownow\app\Controllers\Me.php(32): CodeIgniter\BaseModel->findAll()
#5 C:\Users\syahi\Documents\dev\php\weknownow\system\CodeIgniter.php(825): App\Controllers\Me->index()
#6 C:\Users\syahi\Documents\dev\php\weknownow\system\CodeIgniter.php(412): CodeIgniter\CodeIgniter->runController(Object(App\Controllers\Me))
#7 C:\Users\syahi\Documents\dev\php\weknownow\system\CodeIgniter.php(320): CodeIgniter\CodeIgniter->handleRequest(NULL, Object(Config\Cache), false)
#8 C:\Users\syahi\Documents\dev\php\weknownow\public\index.php(37): CodeIgniter\CodeIgniter->run()
#9 C:\Users\syahi\Documents\dev\php\weknownow\system\Commands\Server\rewrite.php(43): require_once('C:\\Users\\syahi\\...')
#10 {main}
ERROR - 2022-02-01 00:30:05 --> Error connecting to the database: No connection could be made because the target machine actively refused it
CRITICAL - 2022-02-01 00:30:05 --> Unable to connect to the database.
Main connection [MySQLi]: No connection could be made because the target machine actively refused it
#0 C:\Users\syahi\Documents\dev\php\weknownow\system\Database\BaseConnection.php(577): CodeIgniter\Database\BaseConnection->initialize()
#1 C:\Users\syahi\Documents\dev\php\weknownow\system\Database\BaseBuilder.php(1771): CodeIgniter\Database\BaseConnection->query('INSERT INTO `us...', Array, false)
#2 C:\Users\syahi\Documents\dev\php\weknownow\system\Model.php(239): CodeIgniter\Database\BaseBuilder->insert()
#3 C:\Users\syahi\Documents\dev\php\weknownow\system\BaseModel.php(738): CodeIgniter\Model->doInsert(Array)
#4 C:\Users\syahi\Documents\dev\php\weknownow\system\Model.php(625): CodeIgniter\BaseModel->insert(Array, false)
#5 C:\Users\syahi\Documents\dev\php\weknownow\system\BaseModel.php(658): CodeIgniter\Model->insert(Array, false)
#6 C:\Users\syahi\Documents\dev\php\weknownow\app\Controllers\Register.php(35): CodeIgniter\BaseModel->save(Array)
#7 C:\Users\syahi\Documents\dev\php\weknownow\system\CodeIgniter.php(825): App\Controllers\Register->index()
#8 C:\Users\syahi\Documents\dev\php\weknownow\system\CodeIgniter.php(412): CodeIgniter\CodeIgniter->runController(Object(App\Controllers\Register))
#9 C:\Users\syahi\Documents\dev\php\weknownow\system\CodeIgniter.php(320): CodeIgniter\CodeIgniter->handleRequest(NULL, Object(Config\Cache), false)
#10 C:\Users\syahi\Documents\dev\php\weknownow\public\index.php(37): CodeIgniter\CodeIgniter->run()
#11 C:\Users\syahi\Documents\dev\php\weknownow\system\Commands\Server\rewrite.php(43): require_once('C:\\Users\\syahi\\...')
#12 {main}
ERROR - 2022-02-01 00:30:14 --> Error connecting to the database: No connection could be made because the target machine actively refused it
CRITICAL - 2022-02-01 00:30:14 --> Unable to connect to the database.
Main connection [MySQLi]: No connection could be made because the target machine actively refused it
#0 C:\Users\syahi\Documents\dev\php\weknownow\system\Database\BaseConnection.php(577): CodeIgniter\Database\BaseConnection->initialize()
#1 C:\Users\syahi\Documents\dev\php\weknownow\system\Database\BaseBuilder.php(1771): CodeIgniter\Database\BaseConnection->query('INSERT INTO `us...', Array, false)
#2 C:\Users\syahi\Documents\dev\php\weknownow\system\Model.php(239): CodeIgniter\Database\BaseBuilder->insert()
#3 C:\Users\syahi\Documents\dev\php\weknownow\system\BaseModel.php(738): CodeIgniter\Model->doInsert(Array)
#4 C:\Users\syahi\Documents\dev\php\weknownow\system\Model.php(625): CodeIgniter\BaseModel->insert(Array, false)
#5 C:\Users\syahi\Documents\dev\php\weknownow\system\BaseModel.php(658): CodeIgniter\Model->insert(Array, false)
#6 C:\Users\syahi\Documents\dev\php\weknownow\app\Controllers\Register.php(35): CodeIgniter\BaseModel->save(Array)
#7 C:\Users\syahi\Documents\dev\php\weknownow\system\CodeIgniter.php(825): App\Controllers\Register->index()
#8 C:\Users\syahi\Documents\dev\php\weknownow\system\CodeIgniter.php(412): CodeIgniter\CodeIgniter->runController(Object(App\Controllers\Register))
#9 C:\Users\syahi\Documents\dev\php\weknownow\system\CodeIgniter.php(320): CodeIgniter\CodeIgniter->handleRequest(NULL, Object(Config\Cache), false)
#10 C:\Users\syahi\Documents\dev\php\weknownow\public\index.php(37): CodeIgniter\CodeIgniter->run()
#11 C:\Users\syahi\Documents\dev\php\weknownow\system\Commands\Server\rewrite.php(43): require_once('C:\\Users\\syahi\\...')
#12 {main}
ERROR - 2022-02-01 00:30:21 --> Error connecting to the database: No connection could be made because the target machine actively refused it
CRITICAL - 2022-02-01 00:30:21 --> Unable to connect to the database.
Main connection [MySQLi]: No connection could be made because the target machine actively refused it
#0 C:\Users\syahi\Documents\dev\php\weknownow\system\Database\BaseConnection.php(577): CodeIgniter\Database\BaseConnection->initialize()
#1 C:\Users\syahi\Documents\dev\php\weknownow\system\Database\BaseBuilder.php(1771): CodeIgniter\Database\BaseConnection->query('INSERT INTO `us...', Array, false)
#2 C:\Users\syahi\Documents\dev\php\weknownow\system\Model.php(239): CodeIgniter\Database\BaseBuilder->insert()
#3 C:\Users\syahi\Documents\dev\php\weknownow\system\BaseModel.php(738): CodeIgniter\Model->doInsert(Array)
#4 C:\Users\syahi\Documents\dev\php\weknownow\system\Model.php(625): CodeIgniter\BaseModel->insert(Array, false)
#5 C:\Users\syahi\Documents\dev\php\weknownow\system\BaseModel.php(658): CodeIgniter\Model->insert(Array, false)
#6 C:\Users\syahi\Documents\dev\php\weknownow\app\Controllers\Register.php(35): CodeIgniter\BaseModel->save(Array)
#7 C:\Users\syahi\Documents\dev\php\weknownow\system\CodeIgniter.php(825): App\Controllers\Register->index()
#8 C:\Users\syahi\Documents\dev\php\weknownow\system\CodeIgniter.php(412): CodeIgniter\CodeIgniter->runController(Object(App\Controllers\Register))
#9 C:\Users\syahi\Documents\dev\php\weknownow\system\CodeIgniter.php(320): CodeIgniter\CodeIgniter->handleRequest(NULL, Object(Config\Cache), false)
#10 C:\Users\syahi\Documents\dev\php\weknownow\public\index.php(37): CodeIgniter\CodeIgniter->run()
#11 C:\Users\syahi\Documents\dev\php\weknownow\system\Commands\Server\rewrite.php(43): require_once('C:\\Users\\syahi\\...')
#12 {main}
ERROR - 2022-02-01 00:37:07 --> Error connecting to the database: No connection could be made because the target machine actively refused it
CRITICAL - 2022-02-01 00:37:07 --> Unable to connect to the database.
Main connection [MySQLi]: No connection could be made because the target machine actively refused it
#0 C:\Users\syahi\Documents\dev\php\weknownow\system\Database\BaseConnection.php(577): CodeIgniter\Database\BaseConnection->initialize()
#1 C:\Users\syahi\Documents\dev\php\weknownow\system\Database\BaseBuilder.php(1771): CodeIgniter\Database\BaseConnection->query('INSERT INTO `us...', Array, false)
#2 C:\Users\syahi\Documents\dev\php\weknownow\system\Model.php(239): CodeIgniter\Database\BaseBuilder->insert()
#3 C:\Users\syahi\Documents\dev\php\weknownow\system\BaseModel.php(738): CodeIgniter\Model->doInsert(Array)
#4 C:\Users\syahi\Documents\dev\php\weknownow\system\Model.php(625): CodeIgniter\BaseModel->insert(Array, false)
#5 C:\Users\syahi\Documents\dev\php\weknownow\system\BaseModel.php(658): CodeIgniter\Model->insert(Array, false)
#6 C:\Users\syahi\Documents\dev\php\weknownow\app\Controllers\Register.php(35): CodeIgniter\BaseModel->save(Array)
#7 C:\Users\syahi\Documents\dev\php\weknownow\system\CodeIgniter.php(825): App\Controllers\Register->index()
#8 C:\Users\syahi\Documents\dev\php\weknownow\system\CodeIgniter.php(412): CodeIgniter\CodeIgniter->runController(Object(App\Controllers\Register))
#9 C:\Users\syahi\Documents\dev\php\weknownow\system\CodeIgniter.php(320): CodeIgniter\CodeIgniter->handleRequest(NULL, Object(Config\Cache), false)
#10 C:\Users\syahi\Documents\dev\php\weknownow\public\index.php(37): CodeIgniter\CodeIgniter->run()
#11 C:\Users\syahi\Documents\dev\php\weknownow\system\Commands\Server\rewrite.php(43): require_once('C:\\Users\\syahi\\...')
#12 {main}
ERROR - 2022-02-01 00:37:15 --> Error connecting to the database: No connection could be made because the target machine actively refused it
CRITICAL - 2022-02-01 00:37:15 --> Unable to connect to the database.
Main connection [MySQLi]: No connection could be made because the target machine actively refused it
#0 C:\Users\syahi\Documents\dev\php\weknownow\system\Database\BaseConnection.php(577): CodeIgniter\Database\BaseConnection->initialize()
#1 C:\Users\syahi\Documents\dev\php\weknownow\system\Database\BaseBuilder.php(1771): CodeIgniter\Database\BaseConnection->query('INSERT INTO `us...', Array, false)
#2 C:\Users\syahi\Documents\dev\php\weknownow\system\Model.php(239): CodeIgniter\Database\BaseBuilder->insert()
#3 C:\Users\syahi\Documents\dev\php\weknownow\system\BaseModel.php(738): CodeIgniter\Model->doInsert(Array)
#4 C:\Users\syahi\Documents\dev\php\weknownow\system\Model.php(625): CodeIgniter\BaseModel->insert(Array, false)
#5 C:\Users\syahi\Documents\dev\php\weknownow\system\BaseModel.php(658): CodeIgniter\Model->insert(Array, false)
#6 C:\Users\syahi\Documents\dev\php\weknownow\app\Controllers\Register.php(35): CodeIgniter\BaseModel->save(Array)
#7 C:\Users\syahi\Documents\dev\php\weknownow\system\CodeIgniter.php(825): App\Controllers\Register->index()
#8 C:\Users\syahi\Documents\dev\php\weknownow\system\CodeIgniter.php(412): CodeIgniter\CodeIgniter->runController(Object(App\Controllers\Register))
#9 C:\Users\syahi\Documents\dev\php\weknownow\system\CodeIgniter.php(320): CodeIgniter\CodeIgniter->handleRequest(NULL, Object(Config\Cache), false)
#10 C:\Users\syahi\Documents\dev\php\weknownow\public\index.php(37): CodeIgniter\CodeIgniter->run()
#11 C:\Users\syahi\Documents\dev\php\weknownow\system\Commands\Server\rewrite.php(43): require_once('C:\\Users\\syahi\\...')
#12 {main}
CRITICAL - 2022-02-01 03:42:41 --> Cannot handle token prior to 2022-02-01T03:42:50-0600
#0 C:\Users\syahi\Documents\dev\php\weknownow\app\Controllers\Me.php(27): Firebase\JWT\JWT::decode('eyJ0eXAiOiJKV1Q...', Object(Firebase\JWT\Key))
#1 C:\Users\syahi\Documents\dev\php\weknownow\system\CodeIgniter.php(825): App\Controllers\Me->index()
#2 C:\Users\syahi\Documents\dev\php\weknownow\system\CodeIgniter.php(412): CodeIgniter\CodeIgniter->runController(Object(App\Controllers\Me))
#3 C:\Users\syahi\Documents\dev\php\weknownow\system\CodeIgniter.php(320): CodeIgniter\CodeIgniter->handleRequest(NULL, Object(Config\Cache), false)
#4 C:\Users\syahi\Documents\dev\php\weknownow\public\index.php(37): CodeIgniter\CodeIgniter->run()
#5 C:\Users\syahi\Documents\dev\php\weknownow\system\Commands\Server\rewrite.php(43): require_once('C:\\Users\\syahi\\...')
#6 {main}
CRITICAL - 2022-02-01 03:43:12 --> Cannot handle token prior to 2022-02-01T03:43:22-0600
#0 C:\Users\syahi\Documents\dev\php\weknownow\app\Controllers\Me.php(27): Firebase\JWT\JWT::decode('eyJ0eXAiOiJKV1Q...', Object(Firebase\JWT\Key))
#1 C:\Users\syahi\Documents\dev\php\weknownow\system\CodeIgniter.php(825): App\Controllers\Me->index()
#2 C:\Users\syahi\Documents\dev\php\weknownow\system\CodeIgniter.php(412): CodeIgniter\CodeIgniter->runController(Object(App\Controllers\Me))
#3 C:\Users\syahi\Documents\dev\php\weknownow\system\CodeIgniter.php(320): CodeIgniter\CodeIgniter->handleRequest(NULL, Object(Config\Cache), false)
#4 C:\Users\syahi\Documents\dev\php\weknownow\public\index.php(37): CodeIgniter\CodeIgniter->run()
#5 C:\Users\syahi\Documents\dev\php\weknownow\system\Commands\Server\rewrite.php(43): require_once('C:\\Users\\syahi\\...')
#6 {main}
CRITICAL - 2022-02-01 03:45:00 --> Cannot handle token prior to 2022-02-01T03:45:09-0600
#0 C:\Users\syahi\Documents\dev\php\weknownow\app\Controllers\Me.php(27): Firebase\JWT\JWT::decode('eyJ0eXAiOiJKV1Q...', Object(Firebase\JWT\Key))
#1 C:\Users\syahi\Documents\dev\php\weknownow\system\CodeIgniter.php(825): App\Controllers\Me->index()
#2 C:\Users\syahi\Documents\dev\php\weknownow\system\CodeIgniter.php(412): CodeIgniter\CodeIgniter->runController(Object(App\Controllers\Me))
#3 C:\Users\syahi\Documents\dev\php\weknownow\system\CodeIgniter.php(320): CodeIgniter\CodeIgniter->handleRequest(NULL, Object(Config\Cache), false)
#4 C:\Users\syahi\Documents\dev\php\weknownow\public\index.php(37): CodeIgniter\CodeIgniter->run()
#5 C:\Users\syahi\Documents\dev\php\weknownow\system\Commands\Server\rewrite.php(43): require_once('C:\\Users\\syahi\\...')
#6 {main}
CRITICAL - 2022-02-01 03:45:15 --> Cannot handle token prior to 2022-02-01T03:45:25-0600
#0 C:\Users\syahi\Documents\dev\php\weknownow\app\Controllers\Me.php(27): Firebase\JWT\JWT::decode('eyJ0eXAiOiJKV1Q...', Object(Firebase\JWT\Key))
#1 C:\Users\syahi\Documents\dev\php\weknownow\system\CodeIgniter.php(825): App\Controllers\Me->index()
#2 C:\Users\syahi\Documents\dev\php\weknownow\system\CodeIgniter.php(412): CodeIgniter\CodeIgniter->runController(Object(App\Controllers\Me))
#3 C:\Users\syahi\Documents\dev\php\weknownow\system\CodeIgniter.php(320): CodeIgniter\CodeIgniter->handleRequest(NULL, Object(Config\Cache), false)
#4 C:\Users\syahi\Documents\dev\php\weknownow\public\index.php(37): CodeIgniter\CodeIgniter->run()
#5 C:\Users\syahi\Documents\dev\php\weknownow\system\Commands\Server\rewrite.php(43): require_once('C:\\Users\\syahi\\...')
#6 {main}
CRITICAL - 2022-02-01 03:47:33 --> Undefined array key 1
#0 C:\Users\syahi\Documents\dev\php\weknownow\app\Controllers\Me.php(26): CodeIgniter\Debug\Exceptions->errorHandler(2, 'Undefined array...', 'C:\\Users\\syahi\\...', 26)
#1 C:\Users\syahi\Documents\dev\php\weknownow\system\CodeIgniter.php(825): App\Controllers\Me->index()
#2 C:\Users\syahi\Documents\dev\php\weknownow\system\CodeIgniter.php(412): CodeIgniter\CodeIgniter->runController(Object(App\Controllers\Me))
#3 C:\Users\syahi\Documents\dev\php\weknownow\system\CodeIgniter.php(320): CodeIgniter\CodeIgniter->handleRequest(NULL, Object(Config\Cache), false)
#4 C:\Users\syahi\Documents\dev\php\weknownow\public\index.php(37): CodeIgniter\CodeIgniter->run()
#5 C:\Users\syahi\Documents\dev\php\weknownow\system\Commands\Server\rewrite.php(43): require_once('C:\\Users\\syahi\\...')
#6 {main}
CRITICAL - 2022-02-01 03:48:45 --> Undefined array key 1
#0 C:\Users\syahi\Documents\dev\php\weknownow\app\Controllers\Me.php(26): CodeIgniter\Debug\Exceptions->errorHandler(2, 'Undefined array...', 'C:\\Users\\syahi\\...', 26)
#1 C:\Users\syahi\Documents\dev\php\weknownow\system\CodeIgniter.php(825): App\Controllers\Me->index()
#2 C:\Users\syahi\Documents\dev\php\weknownow\system\CodeIgniter.php(412): CodeIgniter\CodeIgniter->runController(Object(App\Controllers\Me))
#3 C:\Users\syahi\Documents\dev\php\weknownow\system\CodeIgniter.php(320): CodeIgniter\CodeIgniter->handleRequest(NULL, Object(Config\Cache), false)
#4 C:\Users\syahi\Documents\dev\php\weknownow\public\index.php(37): CodeIgniter\CodeIgniter->run()
#5 C:\Users\syahi\Documents\dev\php\weknownow\system\Commands\Server\rewrite.php(43): require_once('C:\\Users\\syahi\\...')
#6 {main}
CRITICAL - 2022-02-01 03:49:01 --> Wrong number of segments
#0 C:\Users\syahi\Documents\dev\php\weknownow\app\Controllers\Me.php(27): Firebase\JWT\JWT::decode('', Object(Firebase\JWT\Key))
#1 C:\Users\syahi\Documents\dev\php\weknownow\system\CodeIgniter.php(825): App\Controllers\Me->index()
#2 C:\Users\syahi\Documents\dev\php\weknownow\system\CodeIgniter.php(412): CodeIgniter\CodeIgniter->runController(Object(App\Controllers\Me))
#3 C:\Users\syahi\Documents\dev\php\weknownow\system\CodeIgniter.php(320): CodeIgniter\CodeIgniter->handleRequest(NULL, Object(Config\Cache), false)
#4 C:\Users\syahi\Documents\dev\php\weknownow\public\index.php(37): CodeIgniter\CodeIgniter->run()
#5 C:\Users\syahi\Documents\dev\php\weknownow\system\Commands\Server\rewrite.php(43): require_once('C:\\Users\\syahi\\...')
#6 {main}
CRITICAL - 2022-02-01 03:51:44 --> Unexpected control character found
#0 C:\Users\syahi\Documents\dev\php\weknownow\vendor\firebase\php-jwt\src\JWT.php(319): Firebase\JWT\JWT::handleJsonError(3)
#1 C:\Users\syahi\Documents\dev\php\weknownow\vendor\firebase\php-jwt\src\JWT.php(98): Firebase\JWT\JWT::jsonDecode('\x05\xE6\xABz\xB7\xB2'G\x97\x02#\xA2$\xA5u...')
#2 C:\Users\syahi\Documents\dev\php\weknownow\app\Controllers\Me.php(27): Firebase\JWT\JWT::decode('Bearer  eyJ0eXA...', Object(Firebase\JWT\Key))
#3 C:\Users\syahi\Documents\dev\php\weknownow\system\CodeIgniter.php(825): App\Controllers\Me->index()
#4 C:\Users\syahi\Documents\dev\php\weknownow\system\CodeIgniter.php(412): CodeIgniter\CodeIgniter->runController(Object(App\Controllers\Me))
#5 C:\Users\syahi\Documents\dev\php\weknownow\system\CodeIgniter.php(320): CodeIgniter\CodeIgniter->handleRequest(NULL, Object(Config\Cache), false)
#6 C:\Users\syahi\Documents\dev\php\weknownow\public\index.php(37): CodeIgniter\CodeIgniter->run()
#7 C:\Users\syahi\Documents\dev\php\weknownow\system\Commands\Server\rewrite.php(43): require_once('C:\\Users\\syahi\\...')
#8 {main}
CRITICAL - 2022-02-01 03:51:44 --> Uncaught CodeIgniter\Format\Exceptions\FormatException: Failed to parse json string, error: "Malformed UTF-8 characters, possibly incorrectly encoded". in C:\Users\syahi\Documents\dev\php\weknownow\system\Format\JSONFormatter.php:41
Stack trace:
#0 C:\Users\syahi\Documents\dev\php\weknownow\system\Format\JSONFormatter.php(41): CodeIgniter\Format\Exceptions\FormatException::forInvalidJSON('Malformed UTF-8...')
#1 C:\Users\syahi\Documents\dev\php\weknownow\system\API\ResponseTrait.php(341): CodeIgniter\Format\JSONFormatter->format(Array)
#2 C:\Users\syahi\Documents\dev\php\weknownow\system\API\ResponseTrait.php(99): CodeIgniter\Debug\Exceptions->format(Array)
#3 C:\Users\syahi\Documents\dev\php\weknownow\system\Debug\Exceptions.php(115): CodeIgniter\Debug\Exceptions->respond(Array, 500)
#4 [internal function]: CodeIgniter\Debug\Exceptions->exceptionHandler(Object(DomainException))
#5 {main}
  thrown
#0 [internal function]: CodeIgniter\Debug\Exceptions->shutdownHandler()
#1 {main}
CRITICAL - 2022-02-01 03:52:00 --> Cannot handle token prior to 2022-02-01T03:52:09-0600
#0 C:\Users\syahi\Documents\dev\php\weknownow\app\Controllers\Me.php(27): Firebase\JWT\JWT::decode('eyJ0eXAiOiJKV1Q...', Object(Firebase\JWT\Key))
#1 C:\Users\syahi\Documents\dev\php\weknownow\system\CodeIgniter.php(825): App\Controllers\Me->index()
#2 C:\Users\syahi\Documents\dev\php\weknownow\system\CodeIgniter.php(412): CodeIgniter\CodeIgniter->runController(Object(App\Controllers\Me))
#3 C:\Users\syahi\Documents\dev\php\weknownow\system\CodeIgniter.php(320): CodeIgniter\CodeIgniter->handleRequest(NULL, Object(Config\Cache), false)
#4 C:\Users\syahi\Documents\dev\php\weknownow\public\index.php(37): CodeIgniter\CodeIgniter->run()
#5 C:\Users\syahi\Documents\dev\php\weknownow\system\Commands\Server\rewrite.php(43): require_once('C:\\Users\\syahi\\...')
#6 {main}
CRITICAL - 2022-02-01 03:53:03 --> Undefined array key 1
#0 C:\Users\syahi\Documents\dev\php\weknownow\app\Controllers\Me.php(26): CodeIgniter\Debug\Exceptions->errorHandler(2, 'Undefined array...', 'C:\\Users\\syahi\\...', 26)
#1 C:\Users\syahi\Documents\dev\php\weknownow\system\CodeIgniter.php(825): App\Controllers\Me->index()
#2 C:\Users\syahi\Documents\dev\php\weknownow\system\CodeIgniter.php(412): CodeIgniter\CodeIgniter->runController(Object(App\Controllers\Me))
#3 C:\Users\syahi\Documents\dev\php\weknownow\system\CodeIgniter.php(320): CodeIgniter\CodeIgniter->handleRequest(NULL, Object(Config\Cache), false)
#4 C:\Users\syahi\Documents\dev\php\weknownow\public\index.php(37): CodeIgniter\CodeIgniter->run()
#5 C:\Users\syahi\Documents\dev\php\weknownow\system\Commands\Server\rewrite.php(43): require_once('C:\\Users\\syahi\\...')
#6 {main}
CRITICAL - 2022-02-01 03:53:51 --> Undefined array key 1
#0 C:\Users\syahi\Documents\dev\php\weknownow\app\Controllers\Me.php(26): CodeIgniter\Debug\Exceptions->errorHandler(2, 'Undefined array...', 'C:\\Users\\syahi\\...', 26)
#1 C:\Users\syahi\Documents\dev\php\weknownow\system\CodeIgniter.php(825): App\Controllers\Me->index()
#2 C:\Users\syahi\Documents\dev\php\weknownow\system\CodeIgniter.php(412): CodeIgniter\CodeIgniter->runController(Object(App\Controllers\Me))
#3 C:\Users\syahi\Documents\dev\php\weknownow\system\CodeIgniter.php(320): CodeIgniter\CodeIgniter->handleRequest(NULL, Object(Config\Cache), false)
#4 C:\Users\syahi\Documents\dev\php\weknownow\public\index.php(37): CodeIgniter\CodeIgniter->run()
#5 C:\Users\syahi\Documents\dev\php\weknownow\system\Commands\Server\rewrite.php(43): require_once('C:\\Users\\syahi\\...')
#6 {main}
CRITICAL - 2022-02-01 03:54:11 --> Undefined array key 1
#0 C:\Users\syahi\Documents\dev\php\weknownow\app\Controllers\Me.php(26): CodeIgniter\Debug\Exceptions->errorHandler(2, 'Undefined array...', 'C:\\Users\\syahi\\...', 26)
#1 C:\Users\syahi\Documents\dev\php\weknownow\system\CodeIgniter.php(825): App\Controllers\Me->index()
#2 C:\Users\syahi\Documents\dev\php\weknownow\system\CodeIgniter.php(412): CodeIgniter\CodeIgniter->runController(Object(App\Controllers\Me))
#3 C:\Users\syahi\Documents\dev\php\weknownow\system\CodeIgniter.php(320): CodeIgniter\CodeIgniter->handleRequest(NULL, Object(Config\Cache), false)
#4 C:\Users\syahi\Documents\dev\php\weknownow\public\index.php(37): CodeIgniter\CodeIgniter->run()
#5 C:\Users\syahi\Documents\dev\php\weknownow\system\Commands\Server\rewrite.php(43): require_once('C:\\Users\\syahi\\...')
#6 {main}
CRITICAL - 2022-02-01 03:54:47 --> Cannot handle token prior to 2022-02-01T03:54:56-0600
#0 C:\Users\syahi\Documents\dev\php\weknownow\app\Controllers\Me.php(27): Firebase\JWT\JWT::decode('eyJ0eXAiOiJKV1Q...', Object(Firebase\JWT\Key))
#1 C:\Users\syahi\Documents\dev\php\weknownow\system\CodeIgniter.php(825): App\Controllers\Me->index()
#2 C:\Users\syahi\Documents\dev\php\weknownow\system\CodeIgniter.php(412): CodeIgniter\CodeIgniter->runController(Object(App\Controllers\Me))
#3 C:\Users\syahi\Documents\dev\php\weknownow\system\CodeIgniter.php(320): CodeIgniter\CodeIgniter->handleRequest(NULL, Object(Config\Cache), false)
#4 C:\Users\syahi\Documents\dev\php\weknownow\public\index.php(37): CodeIgniter\CodeIgniter->run()
#5 C:\Users\syahi\Documents\dev\php\weknownow\system\Commands\Server\rewrite.php(43): require_once('C:\\Users\\syahi\\...')
#6 {main}
CRITICAL - 2022-02-01 03:55:09 --> Cannot handle token prior to 2022-02-01T03:55:19-0600
#0 C:\Users\syahi\Documents\dev\php\weknownow\app\Controllers\Me.php(27): Firebase\JWT\JWT::decode('eyJ0eXAiOiJKV1Q...', Object(Firebase\JWT\Key))
#1 C:\Users\syahi\Documents\dev\php\weknownow\system\CodeIgniter.php(825): App\Controllers\Me->index()
#2 C:\Users\syahi\Documents\dev\php\weknownow\system\CodeIgniter.php(412): CodeIgniter\CodeIgniter->runController(Object(App\Controllers\Me))
#3 C:\Users\syahi\Documents\dev\php\weknownow\system\CodeIgniter.php(320): CodeIgniter\CodeIgniter->handleRequest(NULL, Object(Config\Cache), false)
#4 C:\Users\syahi\Documents\dev\php\weknownow\public\index.php(37): CodeIgniter\CodeIgniter->run()
#5 C:\Users\syahi\Documents\dev\php\weknownow\system\Commands\Server\rewrite.php(43): require_once('C:\\Users\\syahi\\...')
#6 {main}
CRITICAL - 2022-02-01 03:56:37 --> Undefined array key 1
#0 C:\Users\syahi\Documents\dev\php\weknownow\app\Controllers\Me.php(26): CodeIgniter\Debug\Exceptions->errorHandler(2, 'Undefined array...', 'C:\\Users\\syahi\\...', 26)
#1 C:\Users\syahi\Documents\dev\php\weknownow\system\CodeIgniter.php(825): App\Controllers\Me->index()
#2 C:\Users\syahi\Documents\dev\php\weknownow\system\CodeIgniter.php(412): CodeIgniter\CodeIgniter->runController(Object(App\Controllers\Me))
#3 C:\Users\syahi\Documents\dev\php\weknownow\system\CodeIgniter.php(320): CodeIgniter\CodeIgniter->handleRequest(NULL, Object(Config\Cache), false)
#4 C:\Users\syahi\Documents\dev\php\weknownow\public\index.php(37): CodeIgniter\CodeIgniter->run()
#5 C:\Users\syahi\Documents\dev\php\weknownow\system\Commands\Server\rewrite.php(43): require_once('C:\\Users\\syahi\\...')
#6 {main}
CRITICAL - 2022-02-01 03:57:01 --> Cannot handle token prior to 2022-02-01T03:57:11-0600
#0 C:\Users\syahi\Documents\dev\php\weknownow\app\Controllers\Me.php(27): Firebase\JWT\JWT::decode('eyJ0eXAiOiJKV1Q...', Object(Firebase\JWT\Key))
#1 C:\Users\syahi\Documents\dev\php\weknownow\system\CodeIgniter.php(825): App\Controllers\Me->index()
#2 C:\Users\syahi\Documents\dev\php\weknownow\system\CodeIgniter.php(412): CodeIgniter\CodeIgniter->runController(Object(App\Controllers\Me))
#3 C:\Users\syahi\Documents\dev\php\weknownow\system\CodeIgniter.php(320): CodeIgniter\CodeIgniter->handleRequest(NULL, Object(Config\Cache), false)
#4 C:\Users\syahi\Documents\dev\php\weknownow\public\index.php(37): CodeIgniter\CodeIgniter->run()
#5 C:\Users\syahi\Documents\dev\php\weknownow\system\Commands\Server\rewrite.php(43): require_once('C:\\Users\\syahi\\...')
#6 {main}
CRITICAL - 2022-02-01 03:57:39 --> Syntax error, malformed JSON
#0 C:\Users\syahi\Documents\dev\php\weknownow\vendor\firebase\php-jwt\src\JWT.php(319): Firebase\JWT\JWT::handleJsonError(4)
#1 C:\Users\syahi\Documents\dev\php\weknownow\vendor\firebase\php-jwt\src\JWT.php(101): Firebase\JWT\JWT::jsonDecode('')
#2 C:\Users\syahi\Documents\dev\php\weknownow\app\Controllers\Me.php(27): Firebase\JWT\JWT::decode('eyJ0eXAiOiJKV1Q...', Object(Firebase\JWT\Key))
#3 C:\Users\syahi\Documents\dev\php\weknownow\system\CodeIgniter.php(825): App\Controllers\Me->index()
#4 C:\Users\syahi\Documents\dev\php\weknownow\system\CodeIgniter.php(412): CodeIgniter\CodeIgniter->runController(Object(App\Controllers\Me))
#5 C:\Users\syahi\Documents\dev\php\weknownow\system\CodeIgniter.php(320): CodeIgniter\CodeIgniter->handleRequest(NULL, Object(Config\Cache), false)
#6 C:\Users\syahi\Documents\dev\php\weknownow\public\index.php(37): CodeIgniter\CodeIgniter->run()
#7 C:\Users\syahi\Documents\dev\php\weknownow\system\Commands\Server\rewrite.php(43): require_once('C:\\Users\\syahi\\...')
#8 {main}
CRITICAL - 2022-02-01 04:00:28 --> Wrong number of segments
#0 C:\Users\syahi\Documents\dev\php\weknownow\app\Controllers\Me.php(27): Firebase\JWT\JWT::decode('Bearer', Object(Firebase\JWT\Key))
#1 C:\Users\syahi\Documents\dev\php\weknownow\system\CodeIgniter.php(825): App\Controllers\Me->index()
#2 C:\Users\syahi\Documents\dev\php\weknownow\system\CodeIgniter.php(412): CodeIgniter\CodeIgniter->runController(Object(App\Controllers\Me))
#3 C:\Users\syahi\Documents\dev\php\weknownow\system\CodeIgniter.php(320): CodeIgniter\CodeIgniter->handleRequest(NULL, Object(Config\Cache), false)
#4 C:\Users\syahi\Documents\dev\php\weknownow\public\index.php(37): CodeIgniter\CodeIgniter->run()
#5 C:\Users\syahi\Documents\dev\php\weknownow\system\Commands\Server\rewrite.php(43): require_once('C:\\Users\\syahi\\...')
#6 {main}
CRITICAL - 2022-02-01 04:01:06 --> Undefined array key 1
#0 C:\Users\syahi\Documents\dev\php\weknownow\app\Controllers\Me.php(26): CodeIgniter\Debug\Exceptions->errorHandler(2, 'Undefined array...', 'C:\\Users\\syahi\\...', 26)
#1 C:\Users\syahi\Documents\dev\php\weknownow\system\CodeIgniter.php(825): App\Controllers\Me->index()
#2 C:\Users\syahi\Documents\dev\php\weknownow\system\CodeIgniter.php(412): CodeIgniter\CodeIgniter->runController(Object(App\Controllers\Me))
#3 C:\Users\syahi\Documents\dev\php\weknownow\system\CodeIgniter.php(320): CodeIgniter\CodeIgniter->handleRequest(NULL, Object(Config\Cache), false)
#4 C:\Users\syahi\Documents\dev\php\weknownow\public\index.php(37): CodeIgniter\CodeIgniter->run()
#5 C:\Users\syahi\Documents\dev\php\weknownow\system\Commands\Server\rewrite.php(43): require_once('C:\\Users\\syahi\\...')
#6 {main}
CRITICAL - 2022-02-01 04:01:25 --> Undefined array key 1
#0 C:\Users\syahi\Documents\dev\php\weknownow\app\Controllers\Me.php(26): CodeIgniter\Debug\Exceptions->errorHandler(2, 'Undefined array...', 'C:\\Users\\syahi\\...', 26)
#1 C:\Users\syahi\Documents\dev\php\weknownow\system\CodeIgniter.php(825): App\Controllers\Me->index()
#2 C:\Users\syahi\Documents\dev\php\weknownow\system\CodeIgniter.php(412): CodeIgniter\CodeIgniter->runController(Object(App\Controllers\Me))
#3 C:\Users\syahi\Documents\dev\php\weknownow\system\CodeIgniter.php(320): CodeIgniter\CodeIgniter->handleRequest(NULL, Object(Config\Cache), false)
#4 C:\Users\syahi\Documents\dev\php\weknownow\public\index.php(37): CodeIgniter\CodeIgniter->run()
#5 C:\Users\syahi\Documents\dev\php\weknownow\system\Commands\Server\rewrite.php(43): require_once('C:\\Users\\syahi\\...')
#6 {main}
CRITICAL - 2022-02-01 04:01:31 --> Undefined array key 1
#0 C:\Users\syahi\Documents\dev\php\weknownow\app\Controllers\Me.php(26): CodeIgniter\Debug\Exceptions->errorHandler(2, 'Undefined array...', 'C:\\Users\\syahi\\...', 26)
#1 C:\Users\syahi\Documents\dev\php\weknownow\system\CodeIgniter.php(825): App\Controllers\Me->index()
#2 C:\Users\syahi\Documents\dev\php\weknownow\system\CodeIgniter.php(412): CodeIgniter\CodeIgniter->runController(Object(App\Controllers\Me))
#3 C:\Users\syahi\Documents\dev\php\weknownow\system\CodeIgniter.php(320): CodeIgniter\CodeIgniter->handleRequest(NULL, Object(Config\Cache), false)
#4 C:\Users\syahi\Documents\dev\php\weknownow\public\index.php(37): CodeIgniter\CodeIgniter->run()
#5 C:\Users\syahi\Documents\dev\php\weknownow\system\Commands\Server\rewrite.php(43): require_once('C:\\Users\\syahi\\...')
#6 {main}
CRITICAL - 2022-02-01 04:01:55 --> Undefined array key 1
#0 C:\Users\syahi\Documents\dev\php\weknownow\app\Controllers\Me.php(26): CodeIgniter\Debug\Exceptions->errorHandler(2, 'Undefined array...', 'C:\\Users\\syahi\\...', 26)
#1 C:\Users\syahi\Documents\dev\php\weknownow\system\CodeIgniter.php(825): App\Controllers\Me->index()
#2 C:\Users\syahi\Documents\dev\php\weknownow\system\CodeIgniter.php(412): CodeIgniter\CodeIgniter->runController(Object(App\Controllers\Me))
#3 C:\Users\syahi\Documents\dev\php\weknownow\system\CodeIgniter.php(320): CodeIgniter\CodeIgniter->handleRequest(NULL, Object(Config\Cache), false)
#4 C:\Users\syahi\Documents\dev\php\weknownow\public\index.php(37): CodeIgniter\CodeIgniter->run()
#5 C:\Users\syahi\Documents\dev\php\weknownow\system\Commands\Server\rewrite.php(43): require_once('C:\\Users\\syahi\\...')
#6 {main}
CRITICAL - 2022-02-01 04:01:57 --> Undefined array key 1
#0 C:\Users\syahi\Documents\dev\php\weknownow\app\Controllers\Me.php(26): CodeIgniter\Debug\Exceptions->errorHandler(2, 'Undefined array...', 'C:\\Users\\syahi\\...', 26)
#1 C:\Users\syahi\Documents\dev\php\weknownow\system\CodeIgniter.php(825): App\Controllers\Me->index()
#2 C:\Users\syahi\Documents\dev\php\weknownow\system\CodeIgniter.php(412): CodeIgniter\CodeIgniter->runController(Object(App\Controllers\Me))
#3 C:\Users\syahi\Documents\dev\php\weknownow\system\CodeIgniter.php(320): CodeIgniter\CodeIgniter->handleRequest(NULL, Object(Config\Cache), false)
#4 C:\Users\syahi\Documents\dev\php\weknownow\public\index.php(37): CodeIgniter\CodeIgniter->run()
#5 C:\Users\syahi\Documents\dev\php\weknownow\system\Commands\Server\rewrite.php(43): require_once('C:\\Users\\syahi\\...')
#6 {main}
CRITICAL - 2022-02-01 04:02:44 --> Cannot handle token prior to 2022-02-01T04:02:54-0600
#0 C:\Users\syahi\Documents\dev\php\weknownow\app\Controllers\Me.php(27): Firebase\JWT\JWT::decode('eyJ0eXAiOiJKV1Q...', Object(Firebase\JWT\Key))
#1 C:\Users\syahi\Documents\dev\php\weknownow\system\CodeIgniter.php(825): App\Controllers\Me->index()
#2 C:\Users\syahi\Documents\dev\php\weknownow\system\CodeIgniter.php(412): CodeIgniter\CodeIgniter->runController(Object(App\Controllers\Me))
#3 C:\Users\syahi\Documents\dev\php\weknownow\system\CodeIgniter.php(320): CodeIgniter\CodeIgniter->handleRequest(NULL, Object(Config\Cache), false)
#4 C:\Users\syahi\Documents\dev\php\weknownow\public\index.php(37): CodeIgniter\CodeIgniter->run()
#5 C:\Users\syahi\Documents\dev\php\weknownow\system\Commands\Server\rewrite.php(43): require_once('C:\\Users\\syahi\\...')
#6 {main}
CRITICAL - 2022-02-01 04:03:11 --> Wrong number of segments
#0 C:\Users\syahi\Documents\dev\php\weknownow\app\Controllers\Me.php(27): Firebase\JWT\JWT::decode('', Object(Firebase\JWT\Key))
#1 C:\Users\syahi\Documents\dev\php\weknownow\system\CodeIgniter.php(825): App\Controllers\Me->index()
#2 C:\Users\syahi\Documents\dev\php\weknownow\system\CodeIgniter.php(412): CodeIgniter\CodeIgniter->runController(Object(App\Controllers\Me))
#3 C:\Users\syahi\Documents\dev\php\weknownow\system\CodeIgniter.php(320): CodeIgniter\CodeIgniter->handleRequest(NULL, Object(Config\Cache), false)
#4 C:\Users\syahi\Documents\dev\php\weknownow\public\index.php(37): CodeIgniter\CodeIgniter->run()
#5 C:\Users\syahi\Documents\dev\php\weknownow\system\Commands\Server\rewrite.php(43): require_once('C:\\Users\\syahi\\...')
#6 {main}
CRITICAL - 2022-02-01 04:03:30 --> Wrong number of segments
#0 C:\Users\syahi\Documents\dev\php\weknownow\app\Controllers\Me.php(27): Firebase\JWT\JWT::decode('', Object(Firebase\JWT\Key))
#1 C:\Users\syahi\Documents\dev\php\weknownow\system\CodeIgniter.php(825): App\Controllers\Me->index()
#2 C:\Users\syahi\Documents\dev\php\weknownow\system\CodeIgniter.php(412): CodeIgniter\CodeIgniter->runController(Object(App\Controllers\Me))
#3 C:\Users\syahi\Documents\dev\php\weknownow\system\CodeIgniter.php(320): CodeIgniter\CodeIgniter->handleRequest(NULL, Object(Config\Cache), false)
#4 C:\Users\syahi\Documents\dev\php\weknownow\public\index.php(37): CodeIgniter\CodeIgniter->run()
#5 C:\Users\syahi\Documents\dev\php\weknownow\system\Commands\Server\rewrite.php(43): require_once('C:\\Users\\syahi\\...')
#6 {main}
CRITICAL - 2022-02-01 04:04:02 --> Cannot handle token prior to 2022-02-01T04:04:11-0600
#0 C:\Users\syahi\Documents\dev\php\weknownow\app\Controllers\Me.php(27): Firebase\JWT\JWT::decode('eyJ0eXAiOiJKV1Q...', Object(Firebase\JWT\Key))
#1 C:\Users\syahi\Documents\dev\php\weknownow\system\CodeIgniter.php(825): App\Controllers\Me->index()
#2 C:\Users\syahi\Documents\dev\php\weknownow\system\CodeIgniter.php(412): CodeIgniter\CodeIgniter->runController(Object(App\Controllers\Me))
#3 C:\Users\syahi\Documents\dev\php\weknownow\system\CodeIgniter.php(320): CodeIgniter\CodeIgniter->handleRequest(NULL, Object(Config\Cache), false)
#4 C:\Users\syahi\Documents\dev\php\weknownow\public\index.php(37): CodeIgniter\CodeIgniter->run()
#5 C:\Users\syahi\Documents\dev\php\weknownow\system\Commands\Server\rewrite.php(43): require_once('C:\\Users\\syahi\\...')
#6 {main}
CRITICAL - 2022-02-01 05:04:24 --> Wrong number of segments
#0 C:\Users\syahi\Documents\dev\php\weknownow\app\Controllers\Me.php(27): Firebase\JWT\JWT::decode('undefined', Object(Firebase\JWT\Key))
#1 C:\Users\syahi\Documents\dev\php\weknownow\system\CodeIgniter.php(825): App\Controllers\Me->index()
#2 C:\Users\syahi\Documents\dev\php\weknownow\system\CodeIgniter.php(412): CodeIgniter\CodeIgniter->runController(Object(App\Controllers\Me))
#3 C:\Users\syahi\Documents\dev\php\weknownow\system\CodeIgniter.php(320): CodeIgniter\CodeIgniter->handleRequest(NULL, Object(Config\Cache), false)
#4 C:\Users\syahi\Documents\dev\php\weknownow\public\index.php(37): CodeIgniter\CodeIgniter->run()
#5 C:\Users\syahi\Documents\dev\php\weknownow\system\Commands\Server\rewrite.php(43): require_once('C:\\Users\\syahi\\...')
#6 {main}
CRITICAL - 2022-02-01 05:05:35 --> Wrong number of segments
#0 C:\Users\syahi\Documents\dev\php\weknownow\app\Controllers\Me.php(27): Firebase\JWT\JWT::decode('undefined', Object(Firebase\JWT\Key))
#1 C:\Users\syahi\Documents\dev\php\weknownow\system\CodeIgniter.php(825): App\Controllers\Me->index()
#2 C:\Users\syahi\Documents\dev\php\weknownow\system\CodeIgniter.php(412): CodeIgniter\CodeIgniter->runController(Object(App\Controllers\Me))
#3 C:\Users\syahi\Documents\dev\php\weknownow\system\CodeIgniter.php(320): CodeIgniter\CodeIgniter->handleRequest(NULL, Object(Config\Cache), false)
#4 C:\Users\syahi\Documents\dev\php\weknownow\public\index.php(37): CodeIgniter\CodeIgniter->run()
#5 C:\Users\syahi\Documents\dev\php\weknownow\system\Commands\Server\rewrite.php(43): require_once('C:\\Users\\syahi\\...')
#6 {main}
CRITICAL - 2022-02-01 05:05:44 --> Wrong number of segments
#0 C:\Users\syahi\Documents\dev\php\weknownow\app\Controllers\Me.php(27): Firebase\JWT\JWT::decode('undefined', Object(Firebase\JWT\Key))
#1 C:\Users\syahi\Documents\dev\php\weknownow\system\CodeIgniter.php(825): App\Controllers\Me->index()
#2 C:\Users\syahi\Documents\dev\php\weknownow\system\CodeIgniter.php(412): CodeIgniter\CodeIgniter->runController(Object(App\Controllers\Me))
#3 C:\Users\syahi\Documents\dev\php\weknownow\system\CodeIgniter.php(320): CodeIgniter\CodeIgniter->handleRequest(NULL, Object(Config\Cache), false)
#4 C:\Users\syahi\Documents\dev\php\weknownow\public\index.php(37): CodeIgniter\CodeIgniter->run()
#5 C:\Users\syahi\Documents\dev\php\weknownow\system\Commands\Server\rewrite.php(43): require_once('C:\\Users\\syahi\\...')
#6 {main}
CRITICAL - 2022-02-01 05:06:35 --> Wrong number of segments
#0 C:\Users\syahi\Documents\dev\php\weknownow\app\Controllers\Me.php(27): Firebase\JWT\JWT::decode('undefined', Object(Firebase\JWT\Key))
#1 C:\Users\syahi\Documents\dev\php\weknownow\system\CodeIgniter.php(825): App\Controllers\Me->index()
#2 C:\Users\syahi\Documents\dev\php\weknownow\system\CodeIgniter.php(412): CodeIgniter\CodeIgniter->runController(Object(App\Controllers\Me))
#3 C:\Users\syahi\Documents\dev\php\weknownow\system\CodeIgniter.php(320): CodeIgniter\CodeIgniter->handleRequest(NULL, Object(Config\Cache), false)
#4 C:\Users\syahi\Documents\dev\php\weknownow\public\index.php(37): CodeIgniter\CodeIgniter->run()
#5 C:\Users\syahi\Documents\dev\php\weknownow\system\Commands\Server\rewrite.php(43): require_once('C:\\Users\\syahi\\...')
#6 {main}
ERROR - 2022-02-01 09:02:41 --> Error connecting to the database: No connection could be made because the target machine actively refused it
CRITICAL - 2022-02-01 09:02:41 --> Unable to connect to the database.
Main connection [MySQLi]: No connection could be made because the target machine actively refused it
#0 C:\Users\syahi\Documents\dev\php\weknownow\system\Database\BaseConnection.php(577): CodeIgniter\Database\BaseConnection->initialize()
#1 C:\Users\syahi\Documents\dev\php\weknownow\system\Database\BaseBuilder.php(1455): CodeIgniter\Database\BaseConnection->query('SELECT *\nFROM `...', Array, false)
#2 C:\Users\syahi\Documents\dev\php\weknownow\system\Model.php(210): CodeIgniter\Database\BaseBuilder->get()
#3 C:\Users\syahi\Documents\dev\php\weknownow\system\BaseModel.php(622): CodeIgniter\Model->doFirst()
#4 C:\Users\syahi\Documents\dev\php\weknownow\app\Controllers\Login.php(30): CodeIgniter\BaseModel->first()
#5 C:\Users\syahi\Documents\dev\php\weknownow\system\CodeIgniter.php(825): App\Controllers\Login->index()
#6 C:\Users\syahi\Documents\dev\php\weknownow\system\CodeIgniter.php(412): CodeIgniter\CodeIgniter->runController(Object(App\Controllers\Login))
#7 C:\Users\syahi\Documents\dev\php\weknownow\system\CodeIgniter.php(320): CodeIgniter\CodeIgniter->handleRequest(NULL, Object(Config\Cache), false)
#8 C:\Users\syahi\Documents\dev\php\weknownow\public\index.php(37): CodeIgniter\CodeIgniter->run()
#9 {main}
